Using pre-set license
Built from '2020.3/staging' branch; Version is '2020.3.5f1 (8095aa901b9b) revision 8426922'; Using compiler version '192528614'; Build Type 'Release'
OS: 'Windows 10 Home; OS build 22000.739; Version 2009; 64bit' Language: 'en' Physical Memory: 16223 MB
BatchMode: 1, IsHumanControllingUs: 0, StartBugReporterOnCrash: 0, Is64bit: 1, IsPro: 0

 COMMAND LINE ARGUMENTS:
C:\Program Files\Unity\Hub\Editor\2020.3.5f1\Editor\Unity.exe
-adb2
-batchMode
-noUpm
-name
AssetImportWorker0
-projectPath
F:/Unity/ButtonClicker/ButtonClicker
-logFile
Logs/AssetImportWorker0.log
-srvPort
62187
Successfully changed project path to: F:/Unity/ButtonClicker/ButtonClicker
F:/Unity/ButtonClicker/ButtonClicker
Using Asset Import Pipeline V2.
Refreshing native plugins compatible for Editor in 32.55 ms, found 1 plugins.
Preloading 0 native plugins for Editor in 0.00 ms.
Initialize engine version: 2020.3.5f1 (8095aa901b9b)
[Subsystems] Discovering subsystems at path C:/Program Files/Unity/Hub/Editor/2020.3.5f1/Editor/Data/Resources/UnitySubsystems
[Subsystems] Discovering subsystems at path F:/Unity/ButtonClicker/ButtonClicker/Assets
GfxDevice: creating device client; threaded=0
Direct3D:
    Version:  Direct3D 11.0 [level 11.1]
    Renderer: NVIDIA GeForce RTX 3080 (ID=0x2216)
    Vendor:   
    VRAM:     10078 MB
    Driver:   31.0.15.1659
Initialize mono
Mono path[0] = 'C:/Program Files/Unity/Hub/Editor/2020.3.5f1/Editor/Data/Managed'
Mono path[1] = 'C:/Program Files/Unity/Hub/Editor/2020.3.5f1/Editor/Data/MonoBleedingEdge/lib/mono/unityjit'
Mono config path = 'C:/Program Files/Unity/Hub/Editor/2020.3.5f1/Editor/Data/MonoBleedingEdge/etc'
Using monoOptions --debugger-agent=transport=dt_socket,embedding=1,server=y,suspend=n,address=127.0.0.1:56120
Begin MonoManager ReloadAssembly
Registering precompiled unity dll's ...
Register platform support module: C:/Program Files/Unity/Hub/Editor/2020.3.5f1/Editor/Data/PlaybackEngines/WindowsStandaloneSupport/UnityEditor.WindowsStandalone.Extensions.dll
Registered in 0.001530 seconds.
Native extension for WindowsStandalone target not found
Refreshing native plugins compatible for Editor in 33.85 ms, found 1 plugins.
Preloading 0 native plugins for Editor in 0.00 ms.
Mono: successfully reloaded assembly
- Completed reload, in  0.903 seconds
Platform modules already initialized, skipping
Registering precompiled user dll's ...
Registered in 0.000752 seconds.
Begin MonoManager ReloadAssembly
Native extension for WindowsStandalone target not found
Refreshing native plugins compatible for Editor in 34.69 ms, found 1 plugins.
Preloading 0 native plugins for Editor in 0.00 ms.
Mono: successfully reloaded assembly
- Completed reload, in  0.766 seconds
Platform modules already initialized, skipping
========================================================================
Worker process is ready to serve import requests
Launched and connected shader compiler UnityShaderCompiler.exe after 0.07 seconds
Refreshing native plugins compatible for Editor in 0.32 ms, found 1 plugins.
Preloading 0 native plugins for Editor in 0.00 ms.
Unloading 1828 Unused Serialized files (Serialized files now loaded: 0)
System memory in use before: 87.5 MB.
System memory in use after: 87.4 MB.

Unloading 24 unused Assets to reduce memory usage. Loaded Objects now: 2271.
Total: 1.712000 ms (FindLiveObjects: 0.165100 ms CreateObjectMapping: 0.065800 ms MarkObjects: 1.358900 ms  DeleteObjects: 0.121600 ms)

========================================================================
Received Import Request.
  path: Assets/Scripts/Upgrade/Farm
  artifactKey: Guid(bce79d69c07d0d94b92f83405a2a0acb) Importer(815301076,1909f56bfc062723c751e8b465ee728b)
Start importing Assets/Scripts/Upgrade/Farm using Guid(bce79d69c07d0d94b92f83405a2a0acb) Importer(815301076,1909f56bfc062723c751e8b465ee728b)  -> (artifact id: 'ef583697b6b38b7db26dd5236ccbf8fa') in 0.006506 seconds
  Import took 0.008987 seconds .

========================================================================
Received Import Request.
  Time since last request: 4.227546 seconds.
  path: Assets/Scripts/Upgrade/Farm/Upgrade Item.asset
  artifactKey: Guid(b55654360714cf24686c750d076fa91d) Importer(815301076,1909f56bfc062723c751e8b465ee728b)
Start importing Assets/Scripts/Upgrade/Farm/Upgrade Item.asset using Guid(b55654360714cf24686c750d076fa91d) Importer(815301076,1909f56bfc062723c751e8b465ee728b)  -> (artifact id: '181168c51bec696b5892be61e7c67cb1') in 0.031796 seconds
  Import took 0.035519 seconds .

========================================================================
Received Import Request.
  Time since last request: 9.356288 seconds.
  path: Assets/Scripts/Upgrade/Farm/Cheap hoes.asset
  artifactKey: Guid(b55654360714cf24686c750d076fa91d) Importer(815301076,1909f56bfc062723c751e8b465ee728b)
Start importing Assets/Scripts/Upgrade/Farm/Cheap hoes.asset using Guid(b55654360714cf24686c750d076fa91d) Importer(815301076,1909f56bfc062723c751e8b465ee728b)  -> (artifact id: '7f209586cc7c88e21ee88b2727f30d0a') in 0.004039 seconds
  Import took 0.006356 seconds .

========================================================================
Received Import Request.
  Time since last request: 58.254575 seconds.
  path: Assets/Scripts/Upgrade/Farm/Cheap hoes.asset
  artifactKey: Guid(b55654360714cf24686c750d076fa91d) Importer(815301076,1909f56bfc062723c751e8b465ee728b)
Start importing Assets/Scripts/Upgrade/Farm/Cheap hoes.asset using Guid(b55654360714cf24686c750d076fa91d) Importer(815301076,1909f56bfc062723c751e8b465ee728b)  -> (artifact id: '0832ce25c60af8c93b50c737a75e881e') in 0.007373 seconds
  Import took 0.024501 seconds .

========================================================================
Received Import Request.
  Time since last request: 10.732622 seconds.
  path: Assets/Scripts/Upgrade/Farm/Upgrade Item.asset
  artifactKey: Guid(8bf8576eabe38f24bacd28d4daf08b86) Importer(815301076,1909f56bfc062723c751e8b465ee728b)
Start importing Assets/Scripts/Upgrade/Farm/Upgrade Item.asset using Guid(8bf8576eabe38f24bacd28d4daf08b86) Importer(815301076,1909f56bfc062723c751e8b465ee728b)  -> (artifact id: '2cd419346121dff73aed0f1493e25277') in 0.003620 seconds
  Import took 0.005917 seconds .

========================================================================
Received Import Request.
  Time since last request: 0.003022 seconds.
  path: Assets/Scripts/Upgrade/Farm/Upgrade Item.asset
  artifactKey: Guid(8bf8576eabe38f24bacd28d4daf08b86) Importer(815301076,1909f56bfc062723c751e8b465ee728b)
Start importing Assets/Scripts/Upgrade/Farm/Upgrade Item.asset using Guid(8bf8576eabe38f24bacd28d4daf08b86) Importer(815301076,1909f56bfc062723c751e8b465ee728b)  -> (artifact id: '2cd419346121dff73aed0f1493e25277') in 0.004305 seconds
  Import took 0.006976 seconds .

========================================================================
Received Import Request.
  Time since last request: 3.947342 seconds.
  path: Assets/Scripts/Upgrade/Farm/Fertilizer.asset
  artifactKey: Guid(8bf8576eabe38f24bacd28d4daf08b86) Importer(815301076,1909f56bfc062723c751e8b465ee728b)
Start importing Assets/Scripts/Upgrade/Farm/Fertilizer.asset using Guid(8bf8576eabe38f24bacd28d4daf08b86) Importer(815301076,1909f56bfc062723c751e8b465ee728b)  -> (artifact id: '8b0a62e09d49d2501dc21eeaefb0c853') in 0.004299 seconds
  Import took 0.006934 seconds .

========================================================================
Received Import Request.
  Time since last request: 14.668736 seconds.
  path: Assets/Scripts/Upgrade/Farm/Fertilizer.asset
  artifactKey: Guid(8bf8576eabe38f24bacd28d4daf08b86) Importer(815301076,1909f56bfc062723c751e8b465ee728b)
Start importing Assets/Scripts/Upgrade/Farm/Fertilizer.asset using Guid(8bf8576eabe38f24bacd28d4daf08b86) Importer(815301076,1909f56bfc062723c751e8b465ee728b)  -> (artifact id: '13e0491a8c9c20ad60c9aa05e2e0a2f9') in 0.003876 seconds
  Import took 0.006143 seconds .

========================================================================
Received Import Request.
  Time since last request: 18.977642 seconds.
  path: Assets/Scripts/Upgrade/Farm/Cookie trees.asset
  artifactKey: Guid(d793165bba6133847b61f02f8db5f8ff) Importer(815301076,1909f56bfc062723c751e8b465ee728b)
Start importing Assets/Scripts/Upgrade/Farm/Cookie trees.asset using Guid(d793165bba6133847b61f02f8db5f8ff) Importer(815301076,1909f56bfc062723c751e8b465ee728b)  -> (artifact id: '3e86a9c7e47c30ea4bf71344ad1a9a72') in 0.005798 seconds
  Import took 0.008566 seconds .

========================================================================
Received Import Request.
  Time since last request: 0.000386 seconds.
  path: Assets/Scripts/Upgrade/Farm/Cookie trees.asset
  artifactKey: Guid(d793165bba6133847b61f02f8db5f8ff) Importer(815301076,1909f56bfc062723c751e8b465ee728b)
Start importing Assets/Scripts/Upgrade/Farm/Cookie trees.asset using Guid(d793165bba6133847b61f02f8db5f8ff) Importer(815301076,1909f56bfc062723c751e8b465ee728b)  -> (artifact id: '3e86a9c7e47c30ea4bf71344ad1a9a72') in 0.004656 seconds
  Import took 0.007736 seconds .

========================================================================
Received Import Request.
  Time since last request: 55.479843 seconds.
  path: Assets/Scripts/Upgrade/Farm/Cookie trees.asset
  artifactKey: Guid(d793165bba6133847b61f02f8db5f8ff) Importer(815301076,1909f56bfc062723c751e8b465ee728b)
Start importing Assets/Scripts/Upgrade/Farm/Cookie trees.asset using Guid(d793165bba6133847b61f02f8db5f8ff) Importer(815301076,1909f56bfc062723c751e8b465ee728b)  -> (artifact id: '43c4995b666663ffd606d9a1237d1694') in 0.003985 seconds
  Import took 0.006534 seconds .

========================================================================
Received Import Request.
  Time since last request: 3.608371 seconds.
  path: Assets/Scripts/Upgrade/Farm/Fertilizer.asset
  artifactKey: Guid(8bf8576eabe38f24bacd28d4daf08b86) Importer(815301076,1909f56bfc062723c751e8b465ee728b)
Start importing Assets/Scripts/Upgrade/Farm/Fertilizer.asset using Guid(8bf8576eabe38f24bacd28d4daf08b86) Importer(815301076,1909f56bfc062723c751e8b465ee728b)  -> (artifact id: 'c09fb9980fbadac3fb0d406ed1070db5') in 0.003672 seconds
  Import took 0.005988 seconds .

