Using pre-set license
Built from '2020.3/staging' branch; Version is '2020.3.5f1 (8095aa901b9b) revision 8426922'; Using compiler version '192528614'; Build Type 'Release'
OS: 'Windows 10 Home; OS build 22000.739; Version 2009; 64bit' Language: 'en' Physical Memory: 16223 MB
BatchMode: 1, IsHumanControllingUs: 0, StartBugReporterOnCrash: 0, Is64bit: 1, IsPro: 0

 COMMAND LINE ARGUMENTS:
C:\Program Files\Unity\Hub\Editor\2020.3.5f1\Editor\Unity.exe
-adb2
-batchMode
-noUpm
-name
AssetImportWorker1
-projectPath
F:/Unity/ButtonClicker/ButtonClicker
-logFile
Logs/AssetImportWorker1.log
-srvPort
62412
Successfully changed project path to: F:/Unity/ButtonClicker/ButtonClicker
F:/Unity/ButtonClicker/ButtonClicker
Using Asset Import Pipeline V2.
Refreshing native plugins compatible for Editor in 36.27 ms, found 1 plugins.
Preloading 0 native plugins for Editor in 0.00 ms.
Initialize engine version: 2020.3.5f1 (8095aa901b9b)
[Subsystems] Discovering subsystems at path C:/Program Files/Unity/Hub/Editor/2020.3.5f1/Editor/Data/Resources/UnitySubsystems
[Subsystems] Discovering subsystems at path F:/Unity/ButtonClicker/ButtonClicker/Assets
GfxDevice: creating device client; threaded=0
Direct3D:
    Version:  Direct3D 11.0 [level 11.1]
    Renderer: NVIDIA GeForce RTX 3080 (ID=0x2216)
    Vendor:   
    VRAM:     10078 MB
    Driver:   31.0.15.1659
Initialize mono
Mono path[0] = 'C:/Program Files/Unity/Hub/Editor/2020.3.5f1/Editor/Data/Managed'
Mono path[1] = 'C:/Program Files/Unity/Hub/Editor/2020.3.5f1/Editor/Data/MonoBleedingEdge/lib/mono/unityjit'
Mono config path = 'C:/Program Files/Unity/Hub/Editor/2020.3.5f1/Editor/Data/MonoBleedingEdge/etc'
Using monoOptions --debugger-agent=transport=dt_socket,embedding=1,server=y,suspend=n,address=127.0.0.1:56584
Begin MonoManager ReloadAssembly
Registering precompiled unity dll's ...
Register platform support module: C:/Program Files/Unity/Hub/Editor/2020.3.5f1/Editor/Data/PlaybackEngines/WindowsStandaloneSupport/UnityEditor.WindowsStandalone.Extensions.dll
Registered in 0.001864 seconds.
Native extension for WindowsStandalone target not found
Refreshing native plugins compatible for Editor in 34.27 ms, found 1 plugins.
Preloading 0 native plugins for Editor in 0.00 ms.
Mono: successfully reloaded assembly
- Completed reload, in  1.726 seconds
Platform modules already initialized, skipping
Registering precompiled user dll's ...
Registered in 0.000832 seconds.
Begin MonoManager ReloadAssembly
Native extension for WindowsStandalone target not found
Refreshing native plugins compatible for Editor in 35.95 ms, found 1 plugins.
Preloading 0 native plugins for Editor in 0.00 ms.
Mono: successfully reloaded assembly
- Completed reload, in  0.767 seconds
Platform modules already initialized, skipping
========================================================================
Worker process is ready to serve import requests
Launched and connected shader compiler UnityShaderCompiler.exe after 0.08 seconds
Refreshing native plugins compatible for Editor in 0.54 ms, found 1 plugins.
Preloading 0 native plugins for Editor in 0.00 ms.
Unloading 1824 Unused Serialized files (Serialized files now loaded: 0)
System memory in use before: 87.4 MB.
System memory in use after: 87.3 MB.

Unloading 24 unused Assets to reduce memory usage. Loaded Objects now: 2267.
Total: 1.741400 ms (FindLiveObjects: 0.159000 ms CreateObjectMapping: 0.050900 ms MarkObjects: 1.429500 ms  DeleteObjects: 0.101200 ms)

========================================================================
Received Import Request.
  path: Assets/Scripts/Upgrades/Upgrade.cs
  artifactKey: Guid(1c291076af4d8bf4fba732a493b6ed67) Importer(815301076,1909f56bfc062723c751e8b465ee728b)
Start importing Assets/Scripts/Upgrades/Upgrade.cs using Guid(1c291076af4d8bf4fba732a493b6ed67) Importer(815301076,1909f56bfc062723c751e8b465ee728b)  -> (artifact id: 'bfde1681ef4b044e06f54aaa0552ce01') in 0.026526 seconds
  Import took 0.029020 seconds .

========================================================================
Received Prepare
Registering precompiled user dll's ...
Registered in 0.001160 seconds.
Begin MonoManager ReloadAssembly
Native extension for WindowsStandalone target not found
Refreshing native plugins compatible for Editor in 0.42 ms, found 1 plugins.
Preloading 0 native plugins for Editor in 0.00 ms.
Mono: successfully reloaded assembly
- Completed reload, in  0.696 seconds
Platform modules already initialized, skipping
Refreshing native plugins compatible for Editor in 0.50 ms, found 1 plugins.
Preloading 0 native plugins for Editor in 0.00 ms.
Unloading 1806 Unused Serialized files (Serialized files now loaded: 0)
System memory in use before: 86.1 MB.
System memory in use after: 86.0 MB.

Unloading 12 unused Assets to reduce memory usage. Loaded Objects now: 2271.
Total: 1.659300 ms (FindLiveObjects: 0.167100 ms CreateObjectMapping: 0.056800 ms MarkObjects: 1.348500 ms  DeleteObjects: 0.086100 ms)

========================================================================
Received Prepare
Registering precompiled user dll's ...
Registered in 0.001234 seconds.
Begin MonoManager ReloadAssembly
Native extension for WindowsStandalone target not found
Refreshing native plugins compatible for Editor in 0.33 ms, found 1 plugins.
Preloading 0 native plugins for Editor in 0.00 ms.
Mono: successfully reloaded assembly
- Completed reload, in  0.749 seconds
Platform modules already initialized, skipping
Refreshing native plugins compatible for Editor in 0.42 ms, found 1 plugins.
Preloading 0 native plugins for Editor in 0.00 ms.
Unloading 1806 Unused Serialized files (Serialized files now loaded: 0)
System memory in use before: 86.1 MB.
System memory in use after: 86.1 MB.

Unloading 12 unused Assets to reduce memory usage. Loaded Objects now: 2275.
Total: 1.805000 ms (FindLiveObjects: 0.164600 ms CreateObjectMapping: 0.051400 ms MarkObjects: 1.504900 ms  DeleteObjects: 0.083500 ms)

========================================================================
Received Prepare
Registering precompiled user dll's ...
Registered in 0.001731 seconds.
Begin MonoManager ReloadAssembly
Native extension for WindowsStandalone target not found
Refreshing native plugins compatible for Editor in 0.34 ms, found 1 plugins.
Preloading 0 native plugins for Editor in 0.00 ms.
Mono: successfully reloaded assembly
- Completed reload, in  0.694 seconds
Platform modules already initialized, skipping
Refreshing native plugins compatible for Editor in 0.53 ms, found 1 plugins.
Preloading 0 native plugins for Editor in 0.00 ms.
Unloading 1806 Unused Serialized files (Serialized files now loaded: 0)
System memory in use before: 86.1 MB.
System memory in use after: 86.1 MB.

Unloading 12 unused Assets to reduce memory usage. Loaded Objects now: 2279.
Total: 1.911700 ms (FindLiveObjects: 0.182500 ms CreateObjectMapping: 0.053100 ms MarkObjects: 1.563800 ms  DeleteObjects: 0.111400 ms)

========================================================================
Received Prepare
Registering precompiled user dll's ...
Registered in 0.000847 seconds.
Begin MonoManager ReloadAssembly
Native extension for WindowsStandalone target not found
Refreshing native plugins compatible for Editor in 0.34 ms, found 1 plugins.
Preloading 0 native plugins for Editor in 0.00 ms.
Mono: successfully reloaded assembly
- Completed reload, in  0.759 seconds
Platform modules already initialized, skipping
Refreshing native plugins compatible for Editor in 1.28 ms, found 1 plugins.
Preloading 0 native plugins for Editor in 0.00 ms.
Unloading 1806 Unused Serialized files (Serialized files now loaded: 0)
System memory in use before: 86.1 MB.
System memory in use after: 86.1 MB.

Unloading 12 unused Assets to reduce memory usage. Loaded Objects now: 2283.
Total: 2.282900 ms (FindLiveObjects: 0.198700 ms CreateObjectMapping: 0.075700 ms MarkObjects: 1.865100 ms  DeleteObjects: 0.142400 ms)

========================================================================
Received Prepare
Registering precompiled user dll's ...
Registered in 0.000965 seconds.
Begin MonoManager ReloadAssembly
Native extension for WindowsStandalone target not found
Refreshing native plugins compatible for Editor in 0.35 ms, found 1 plugins.
Preloading 0 native plugins for Editor in 0.00 ms.
Mono: successfully reloaded assembly
- Completed reload, in  0.722 seconds
Platform modules already initialized, skipping
Refreshing native plugins compatible for Editor in 0.35 ms, found 1 plugins.
Preloading 0 native plugins for Editor in 0.00 ms.
Unloading 1806 Unused Serialized files (Serialized files now loaded: 0)
System memory in use before: 86.2 MB.
System memory in use after: 86.1 MB.

Unloading 12 unused Assets to reduce memory usage. Loaded Objects now: 2287.
Total: 1.734900 ms (FindLiveObjects: 0.156700 ms CreateObjectMapping: 0.048900 ms MarkObjects: 1.438600 ms  DeleteObjects: 0.090000 ms)

========================================================================
Received Prepare
Registering precompiled user dll's ...
Registered in 0.000858 seconds.
Begin MonoManager ReloadAssembly
Native extension for WindowsStandalone target not found
Refreshing native plugins compatible for Editor in 0.33 ms, found 1 plugins.
Preloading 0 native plugins for Editor in 0.00 ms.
Mono: successfully reloaded assembly
- Completed reload, in  0.715 seconds
Platform modules already initialized, skipping
Refreshing native plugins compatible for Editor in 0.35 ms, found 1 plugins.
Preloading 0 native plugins for Editor in 0.00 ms.
Unloading 1806 Unused Serialized files (Serialized files now loaded: 0)
System memory in use before: 86.2 MB.
System memory in use after: 86.1 MB.

Unloading 12 unused Assets to reduce memory usage. Loaded Objects now: 2291.
Total: 1.695200 ms (FindLiveObjects: 0.152400 ms CreateObjectMapping: 0.056400 ms MarkObjects: 1.401800 ms  DeleteObjects: 0.084000 ms)

========================================================================
Received Prepare
Registering precompiled user dll's ...
Registered in 0.001021 seconds.
Begin MonoManager ReloadAssembly
Native extension for WindowsStandalone target not found
Refreshing native plugins compatible for Editor in 0.34 ms, found 1 plugins.
Preloading 0 native plugins for Editor in 0.00 ms.
Mono: successfully reloaded assembly
- Completed reload, in  0.688 seconds
Platform modules already initialized, skipping
Refreshing native plugins compatible for Editor in 0.57 ms, found 1 plugins.
Preloading 0 native plugins for Editor in 0.00 ms.
Unloading 1806 Unused Serialized files (Serialized files now loaded: 0)
System memory in use before: 86.2 MB.
System memory in use after: 86.1 MB.

Unloading 12 unused Assets to reduce memory usage. Loaded Objects now: 2295.
Total: 2.178200 ms (FindLiveObjects: 0.244300 ms CreateObjectMapping: 0.073300 ms MarkObjects: 1.772800 ms  DeleteObjects: 0.086800 ms)

========================================================================
Received Prepare
Registering precompiled user dll's ...
Registered in 0.000957 seconds.
Begin MonoManager ReloadAssembly
Native extension for WindowsStandalone target not found
Refreshing native plugins compatible for Editor in 0.40 ms, found 1 plugins.
Preloading 0 native plugins for Editor in 0.00 ms.
Mono: successfully reloaded assembly
- Completed reload, in  0.715 seconds
Platform modules already initialized, skipping
Refreshing native plugins compatible for Editor in 0.35 ms, found 1 plugins.
Preloading 0 native plugins for Editor in 0.00 ms.
Unloading 1806 Unused Serialized files (Serialized files now loaded: 0)
System memory in use before: 86.2 MB.
System memory in use after: 86.2 MB.

Unloading 12 unused Assets to reduce memory usage. Loaded Objects now: 2299.
Total: 2.123100 ms (FindLiveObjects: 0.307700 ms CreateObjectMapping: 0.074100 ms MarkObjects: 1.638000 ms  DeleteObjects: 0.102200 ms)

========================================================================
Received Prepare
Registering precompiled user dll's ...
Registered in 0.001000 seconds.
Begin MonoManager ReloadAssembly
Native extension for WindowsStandalone target not found
Refreshing native plugins compatible for Editor in 0.34 ms, found 1 plugins.
Preloading 0 native plugins for Editor in 0.00 ms.
Mono: successfully reloaded assembly
- Completed reload, in  0.690 seconds
Platform modules already initialized, skipping
Refreshing native plugins compatible for Editor in 0.34 ms, found 1 plugins.
Preloading 0 native plugins for Editor in 0.00 ms.
Unloading 1806 Unused Serialized files (Serialized files now loaded: 0)
System memory in use before: 86.2 MB.
System memory in use after: 86.2 MB.

Unloading 12 unused Assets to reduce memory usage. Loaded Objects now: 2303.
Total: 2.026400 ms (FindLiveObjects: 0.187400 ms CreateObjectMapping: 0.063100 ms MarkObjects: 1.675000 ms  DeleteObjects: 0.099900 ms)

========================================================================
Received Prepare
Registering precompiled user dll's ...
Registered in 0.000823 seconds.
Begin MonoManager ReloadAssembly
Native extension for WindowsStandalone target not found
Refreshing native plugins compatible for Editor in 0.34 ms, found 1 plugins.
Preloading 0 native plugins for Editor in 0.00 ms.
Mono: successfully reloaded assembly
- Completed reload, in  0.693 seconds
Platform modules already initialized, skipping
Refreshing native plugins compatible for Editor in 0.34 ms, found 1 plugins.
Preloading 0 native plugins for Editor in 0.00 ms.
Unloading 1806 Unused Serialized files (Serialized files now loaded: 0)
System memory in use before: 86.2 MB.
System memory in use after: 86.2 MB.

Unloading 12 unused Assets to reduce memory usage. Loaded Objects now: 2307.
Total: 1.675100 ms (FindLiveObjects: 0.150100 ms CreateObjectMapping: 0.054600 ms MarkObjects: 1.389500 ms  DeleteObjects: 0.080200 ms)

========================================================================
Received Prepare
Registering precompiled user dll's ...
Registered in 0.000947 seconds.
Begin MonoManager ReloadAssembly
Native extension for WindowsStandalone target not found
Refreshing native plugins compatible for Editor in 0.44 ms, found 1 plugins.
Preloading 0 native plugins for Editor in 0.00 ms.
Mono: successfully reloaded assembly
- Completed reload, in  0.703 seconds
Platform modules already initialized, skipping
Refreshing native plugins compatible for Editor in 0.40 ms, found 1 plugins.
Preloading 0 native plugins for Editor in 0.00 ms.
Unloading 1806 Unused Serialized files (Serialized files now loaded: 0)
System memory in use before: 86.2 MB.
System memory in use after: 86.2 MB.

Unloading 12 unused Assets to reduce memory usage. Loaded Objects now: 2311.
Total: 1.591000 ms (FindLiveObjects: 0.148100 ms CreateObjectMapping: 0.046800 ms MarkObjects: 1.313200 ms  DeleteObjects: 0.082200 ms)

========================================================================
Received Prepare
Registering precompiled user dll's ...
Registered in 0.000860 seconds.
Begin MonoManager ReloadAssembly
Native extension for WindowsStandalone target not found
Refreshing native plugins compatible for Editor in 0.34 ms, found 1 plugins.
Preloading 0 native plugins for Editor in 0.00 ms.
Mono: successfully reloaded assembly
- Completed reload, in  0.715 seconds
Platform modules already initialized, skipping
Refreshing native plugins compatible for Editor in 0.44 ms, found 1 plugins.
Preloading 0 native plugins for Editor in 0.00 ms.
Unloading 1806 Unused Serialized files (Serialized files now loaded: 0)
System memory in use before: 86.2 MB.
System memory in use after: 86.2 MB.

Unloading 12 unused Assets to reduce memory usage. Loaded Objects now: 2315.
Total: 1.560200 ms (FindLiveObjects: 0.173600 ms CreateObjectMapping: 0.074500 ms MarkObjects: 1.224900 ms  DeleteObjects: 0.086300 ms)

========================================================================
Received Prepare
Registering precompiled user dll's ...
Registered in 0.000824 seconds.
Begin MonoManager ReloadAssembly
Native extension for WindowsStandalone target not found
Refreshing native plugins compatible for Editor in 0.36 ms, found 1 plugins.
Preloading 0 native plugins for Editor in 0.00 ms.
Mono: successfully reloaded assembly
- Completed reload, in  0.693 seconds
Platform modules already initialized, skipping
Refreshing native plugins compatible for Editor in 0.42 ms, found 1 plugins.
Preloading 0 native plugins for Editor in 0.00 ms.
Unloading 1806 Unused Serialized files (Serialized files now loaded: 0)
System memory in use before: 86.2 MB.
System memory in use after: 86.2 MB.

Unloading 12 unused Assets to reduce memory usage. Loaded Objects now: 2319.
Total: 1.697400 ms (FindLiveObjects: 0.145700 ms CreateObjectMapping: 0.045200 ms MarkObjects: 1.426400 ms  DeleteObjects: 0.079600 ms)

========================================================================
Received Prepare
Registering precompiled user dll's ...
Registered in 0.000987 seconds.
Begin MonoManager ReloadAssembly
Native extension for WindowsStandalone target not found
Refreshing native plugins compatible for Editor in 0.36 ms, found 1 plugins.
Preloading 0 native plugins for Editor in 0.00 ms.
Mono: successfully reloaded assembly
- Completed reload, in  0.697 seconds
Platform modules already initialized, skipping
Refreshing native plugins compatible for Editor in 0.42 ms, found 1 plugins.
Preloading 0 native plugins for Editor in 0.00 ms.
Unloading 1806 Unused Serialized files (Serialized files now loaded: 0)
System memory in use before: 86.2 MB.
System memory in use after: 86.2 MB.

Unloading 12 unused Assets to reduce memory usage. Loaded Objects now: 2323.
Total: 2.400700 ms (FindLiveObjects: 0.215500 ms CreateObjectMapping: 0.118700 ms MarkObjects: 1.934900 ms  DeleteObjects: 0.130700 ms)

========================================================================
Received Prepare
Registering precompiled user dll's ...
Registered in 0.000831 seconds.
Begin MonoManager ReloadAssembly
Native extension for WindowsStandalone target not found
Refreshing native plugins compatible for Editor in 0.33 ms, found 1 plugins.
Preloading 0 native plugins for Editor in 0.00 ms.
Mono: successfully reloaded assembly
- Completed reload, in  0.696 seconds
Platform modules already initialized, skipping
Refreshing native plugins compatible for Editor in 0.35 ms, found 1 plugins.
Preloading 0 native plugins for Editor in 0.00 ms.
Unloading 1806 Unused Serialized files (Serialized files now loaded: 0)
System memory in use before: 86.2 MB.
System memory in use after: 86.2 MB.

Unloading 12 unused Assets to reduce memory usage. Loaded Objects now: 2327.
Total: 1.656100 ms (FindLiveObjects: 0.139300 ms CreateObjectMapping: 0.046800 ms MarkObjects: 1.391400 ms  DeleteObjects: 0.077900 ms)

========================================================================
Received Prepare
Registering precompiled user dll's ...
Registered in 0.000789 seconds.
Begin MonoManager ReloadAssembly
Native extension for WindowsStandalone target not found
Refreshing native plugins compatible for Editor in 0.33 ms, found 1 plugins.
Preloading 0 native plugins for Editor in 0.00 ms.
Mono: successfully reloaded assembly
- Completed reload, in  0.699 seconds
Platform modules already initialized, skipping
Refreshing native plugins compatible for Editor in 0.41 ms, found 1 plugins.
Preloading 0 native plugins for Editor in 0.00 ms.
Unloading 1806 Unused Serialized files (Serialized files now loaded: 0)
System memory in use before: 86.3 MB.
System memory in use after: 86.2 MB.

Unloading 12 unused Assets to reduce memory usage. Loaded Objects now: 2331.
Total: 1.870800 ms (FindLiveObjects: 0.172600 ms CreateObjectMapping: 0.051100 ms MarkObjects: 1.540200 ms  DeleteObjects: 0.106000 ms)

========================================================================
Received Prepare
Registering precompiled user dll's ...
Registered in 0.000790 seconds.
Begin MonoManager ReloadAssembly
Native extension for WindowsStandalone target not found
Refreshing native plugins compatible for Editor in 0.37 ms, found 1 plugins.
Preloading 0 native plugins for Editor in 0.00 ms.
Mono: successfully reloaded assembly
- Completed reload, in  0.702 seconds
Platform modules already initialized, skipping
Refreshing native plugins compatible for Editor in 0.38 ms, found 1 plugins.
Preloading 0 native plugins for Editor in 0.00 ms.
Unloading 1806 Unused Serialized files (Serialized files now loaded: 0)
System memory in use before: 86.3 MB.
System memory in use after: 86.2 MB.

Unloading 12 unused Assets to reduce memory usage. Loaded Objects now: 2335.
Total: 1.795700 ms (FindLiveObjects: 0.158600 ms CreateObjectMapping: 0.053800 ms MarkObjects: 1.496200 ms  DeleteObjects: 0.086200 ms)

========================================================================
Received Prepare
Registering precompiled user dll's ...
Registered in 0.000831 seconds.
Begin MonoManager ReloadAssembly
Native extension for WindowsStandalone target not found
Refreshing native plugins compatible for Editor in 0.37 ms, found 1 plugins.
Preloading 0 native plugins for Editor in 0.00 ms.
Mono: successfully reloaded assembly
- Completed reload, in  0.686 seconds
Platform modules already initialized, skipping
Refreshing native plugins compatible for Editor in 0.45 ms, found 1 plugins.
Preloading 0 native plugins for Editor in 0.00 ms.
Unloading 1806 Unused Serialized files (Serialized files now loaded: 0)
System memory in use before: 86.3 MB.
System memory in use after: 86.2 MB.

Unloading 12 unused Assets to reduce memory usage. Loaded Objects now: 2339.
Total: 1.882600 ms (FindLiveObjects: 0.214100 ms CreateObjectMapping: 0.069400 ms MarkObjects: 1.496300 ms  DeleteObjects: 0.101900 ms)

========================================================================
Received Prepare
Registering precompiled user dll's ...
Registered in 0.000834 seconds.
Begin MonoManager ReloadAssembly
Native extension for WindowsStandalone target not found
Refreshing native plugins compatible for Editor in 0.34 ms, found 1 plugins.
Preloading 0 native plugins for Editor in 0.00 ms.
Mono: successfully reloaded assembly
- Completed reload, in  0.713 seconds
Platform modules already initialized, skipping
Refreshing native plugins compatible for Editor in 0.41 ms, found 1 plugins.
Preloading 0 native plugins for Editor in 0.00 ms.
Unloading 1806 Unused Serialized files (Serialized files now loaded: 0)
System memory in use before: 86.3 MB.
System memory in use after: 86.3 MB.

Unloading 12 unused Assets to reduce memory usage. Loaded Objects now: 2343.
Total: 1.693400 ms (FindLiveObjects: 0.150700 ms CreateObjectMapping: 0.046900 ms MarkObjects: 1.411700 ms  DeleteObjects: 0.083400 ms)

========================================================================
Received Prepare
Registering precompiled user dll's ...
Registered in 0.001287 seconds.
Begin MonoManager ReloadAssembly
Native extension for WindowsStandalone target not found
Refreshing native plugins compatible for Editor in 0.51 ms, found 1 plugins.
Preloading 0 native plugins for Editor in 0.00 ms.
Mono: successfully reloaded assembly
- Completed reload, in  0.737 seconds
Platform modules already initialized, skipping
Refreshing native plugins compatible for Editor in 0.37 ms, found 1 plugins.
Preloading 0 native plugins for Editor in 0.00 ms.
Unloading 1806 Unused Serialized files (Serialized files now loaded: 0)
System memory in use before: 86.3 MB.
System memory in use after: 86.3 MB.

Unloading 12 unused Assets to reduce memory usage. Loaded Objects now: 2347.
Total: 2.471700 ms (FindLiveObjects: 0.301800 ms CreateObjectMapping: 0.084500 ms MarkObjects: 1.985300 ms  DeleteObjects: 0.098300 ms)

========================================================================
Received Prepare
Registering precompiled user dll's ...
Registered in 0.000944 seconds.
Begin MonoManager ReloadAssembly
Native extension for WindowsStandalone target not found
Refreshing native plugins compatible for Editor in 0.40 ms, found 1 plugins.
Preloading 0 native plugins for Editor in 0.00 ms.
Mono: successfully reloaded assembly
- Completed reload, in  0.743 seconds
Platform modules already initialized, skipping
Refreshing native plugins compatible for Editor in 0.35 ms, found 1 plugins.
Preloading 0 native plugins for Editor in 0.00 ms.
Unloading 1806 Unused Serialized files (Serialized files now loaded: 0)
System memory in use before: 86.3 MB.
System memory in use after: 86.3 MB.

Unloading 12 unused Assets to reduce memory usage. Loaded Objects now: 2351.
Total: 2.147600 ms (FindLiveObjects: 0.192000 ms CreateObjectMapping: 0.052600 ms MarkObjects: 1.791500 ms  DeleteObjects: 0.110700 ms)

========================================================================
Received Prepare
Registering precompiled user dll's ...
Registered in 0.001193 seconds.
Begin MonoManager ReloadAssembly
Native extension for WindowsStandalone target not found
Refreshing native plugins compatible for Editor in 0.36 ms, found 1 plugins.
Preloading 0 native plugins for Editor in 0.00 ms.
Mono: successfully reloaded assembly
- Completed reload, in  0.753 seconds
Platform modules already initialized, skipping
Refreshing native plugins compatible for Editor in 0.43 ms, found 1 plugins.
Preloading 0 native plugins for Editor in 0.00 ms.
Unloading 1806 Unused Serialized files (Serialized files now loaded: 0)
System memory in use before: 86.3 MB.
System memory in use after: 86.3 MB.

Unloading 12 unused Assets to reduce memory usage. Loaded Objects now: 2355.
Total: 2.041700 ms (FindLiveObjects: 0.195300 ms CreateObjectMapping: 0.065700 ms MarkObjects: 1.690100 ms  DeleteObjects: 0.089600 ms)

========================================================================
Received Prepare
Registering precompiled user dll's ...
Registered in 0.001166 seconds.
Begin MonoManager ReloadAssembly
Native extension for WindowsStandalone target not found
Refreshing native plugins compatible for Editor in 0.34 ms, found 1 plugins.
Preloading 0 native plugins for Editor in 0.00 ms.
Mono: successfully reloaded assembly
- Completed reload, in  0.713 seconds
Platform modules already initialized, skipping
Refreshing native plugins compatible for Editor in 0.36 ms, found 1 plugins.
Preloading 0 native plugins for Editor in 0.00 ms.
Unloading 1806 Unused Serialized files (Serialized files now loaded: 0)
System memory in use before: 86.3 MB.
System memory in use after: 86.3 MB.

Unloading 12 unused Assets to reduce memory usage. Loaded Objects now: 2359.
Total: 1.796900 ms (FindLiveObjects: 0.192300 ms CreateObjectMapping: 0.070200 ms MarkObjects: 1.445500 ms  DeleteObjects: 0.088000 ms)

========================================================================
Received Prepare
Registering precompiled user dll's ...
Registered in 0.001202 seconds.
Begin MonoManager ReloadAssembly
Native extension for WindowsStandalone target not found
Refreshing native plugins compatible for Editor in 0.38 ms, found 1 plugins.
Preloading 0 native plugins for Editor in 0.00 ms.
Mono: successfully reloaded assembly
- Completed reload, in  0.722 seconds
Platform modules already initialized, skipping
Refreshing native plugins compatible for Editor in 0.54 ms, found 1 plugins.
Preloading 0 native plugins for Editor in 0.00 ms.
Unloading 1806 Unused Serialized files (Serialized files now loaded: 0)
System memory in use before: 86.3 MB.
System memory in use after: 86.3 MB.

Unloading 12 unused Assets to reduce memory usage. Loaded Objects now: 2363.
Total: 1.853500 ms (FindLiveObjects: 0.213800 ms CreateObjectMapping: 0.059400 ms MarkObjects: 1.481400 ms  DeleteObjects: 0.097900 ms)

========================================================================
Received Prepare
Registering precompiled user dll's ...
Registered in 0.000960 seconds.
Begin MonoManager ReloadAssembly
Native extension for WindowsStandalone target not found
Refreshing native plugins compatible for Editor in 0.60 ms, found 1 plugins.
Preloading 0 native plugins for Editor in 0.00 ms.
Mono: successfully reloaded assembly
- Completed reload, in  0.768 seconds
Platform modules already initialized, skipping
Refreshing native plugins compatible for Editor in 0.35 ms, found 1 plugins.
Preloading 0 native plugins for Editor in 0.00 ms.
Unloading 1806 Unused Serialized files (Serialized files now loaded: 0)
System memory in use before: 86.3 MB.
System memory in use after: 86.3 MB.

Unloading 12 unused Assets to reduce memory usage. Loaded Objects now: 2367.
Total: 1.742400 ms (FindLiveObjects: 0.216800 ms CreateObjectMapping: 0.053900 ms MarkObjects: 1.389500 ms  DeleteObjects: 0.081100 ms)

========================================================================
Received Import Request.
  Time since last request: 1919.942238 seconds.
  path: Assets/Scripts/Upgrade
  artifactKey: Guid(6beab038ae96b3b479e71b1a324f3fa8) Importer(815301076,1909f56bfc062723c751e8b465ee728b)
Start importing Assets/Scripts/Upgrade using Guid(6beab038ae96b3b479e71b1a324f3fa8) Importer(815301076,1909f56bfc062723c751e8b465ee728b)  -> (artifact id: '976159116529cff7cc54ac7f5d31faa5') in 0.008376 seconds
  Import took 0.011001 seconds .

========================================================================
Received Prepare
Registering precompiled user dll's ...
Registered in 0.000799 seconds.
Begin MonoManager ReloadAssembly
Native extension for WindowsStandalone target not found
Refreshing native plugins compatible for Editor in 0.41 ms, found 1 plugins.
Preloading 0 native plugins for Editor in 0.00 ms.
Mono: successfully reloaded assembly
- Completed reload, in  0.699 seconds
Platform modules already initialized, skipping
Refreshing native plugins compatible for Editor in 0.37 ms, found 1 plugins.
Preloading 0 native plugins for Editor in 0.00 ms.
Unloading 1806 Unused Serialized files (Serialized files now loaded: 0)
System memory in use before: 86.3 MB.
System memory in use after: 86.3 MB.

Unloading 12 unused Assets to reduce memory usage. Loaded Objects now: 2371.
Total: 1.712200 ms (FindLiveObjects: 0.180000 ms CreateObjectMapping: 0.058700 ms MarkObjects: 1.388700 ms  DeleteObjects: 0.083300 ms)

========================================================================
Received Import Request.
  Time since last request: 4.263638 seconds.
  path: Assets/Scripts/Upgrade/Upgrade.cs
  artifactKey: Guid(1c291076af4d8bf4fba732a493b6ed67) Importer(815301076,1909f56bfc062723c751e8b465ee728b)
Start importing Assets/Scripts/Upgrade/Upgrade.cs using Guid(1c291076af4d8bf4fba732a493b6ed67) Importer(815301076,1909f56bfc062723c751e8b465ee728b)  -> (artifact id: '7f7c7598dc59951eea64fea62f01e277') in 0.006722 seconds
  Import took 0.010362 seconds .

========================================================================
Received Import Request.
  Time since last request: 0.023262 seconds.
  path: Assets/Scripts/Upgrade/Upgrade.cs
  artifactKey: Guid(1c291076af4d8bf4fba732a493b6ed67) Importer(815301076,1909f56bfc062723c751e8b465ee728b)
Start importing Assets/Scripts/Upgrade/Upgrade.cs using Guid(1c291076af4d8bf4fba732a493b6ed67) Importer(815301076,1909f56bfc062723c751e8b465ee728b)  -> (artifact id: '7f7c7598dc59951eea64fea62f01e277') in 0.003935 seconds
  Import took 0.007327 seconds .

